<?xml version="1.0" encoding="UTF-8"?>
<!--  
 * File:        $Id$
 * Revision:    $Revision$
 * Author:      $Author$
 * Date:        $Date$
 *
 * The Netarchive Suite - Software to harvest and preserve websites
 * Copyright 2004-2009 Det Kongelige Bibliotek and Statsbiblioteket, Denmark
 *
 * This library is free software; you can redistribute it and/or
 * modify it under the terms of the GNU Lesser General Public
 * License as published by the Free Software Foundation; either
 * version 2.1 of the License, or (at your option) any later version.
 *
 * This library is distributed in the hope that it will be useful,
 * but WITHOUT ANY WARRANTY; without even the implied warranty of
 * MERCHANTABILITY or FITNESS FOR A PARTICULAR PURPOSE.  See the GNU
 * Lesser General Public License for more details.
 *
 * You should have received a copy of the GNU Lesser General Public
 * License along with this library; if not, write to the Free Software
 * Foundation, Inc., 51 Franklin Street, Fifth Floor, Boston, MA  02110-1301  USA
 */
-->
<!-- 
	This file contains the settings needed to run our unittests.
-->
<settings>
<common>
        <jms>
        <class>dk.netarkivet.common.distribute.JMSConnectionMockupMQ</class>
        </jms>
	<jmx>
	<!-- to reduce running time of our unittests -->
	<timeout>2</timeout>
	<passwordFile>tests/dk/netarkivet/jmxremote.password</passwordFile>
	<accessFile>tests/dk/netarkivet/jmxremote.access</accessFile>
	</jmx>
	<http>
    	<port>8076</port>
    </http>
    <remoteFile>
        <class>dk.netarkivet.common.distribute.FTPRemoteFile</class>
        <userName>jms</userName>
        <userPassword>jms*ftp</userPassword>
    </remoteFile>
        <tempDir>./tests/commontempdir</tempDir>
        <replicas>
            <!-- All bitarcive replicas in the environment, 
                 e.g., (ONE, "replicaOne", bitarchive) and 
                 (TWO, "replicaTwo", bitarchive).
                 NOTE: settings for checksum replicas are not use yet -->
            <replica>
                <replicaId>ONE</replicaId>
                <replicaType>bitarchive</replicaType>
                <replicaName>BarOne</replicaName>                
            </replica>
            <replica>
                <replicaId>TWO</replicaId>
                <replicaType>bitarchive</replicaType>
                <replicaName>BarTwo</replicaName>                
            </replica>
            <replica>
                <replicaId>THREE</replicaId>
                <replicaType>checksum</replicaType>
                <replicaName>CsOne</replicaName>
            </replica>
        </replicas>
        <!-- Default bit archive to use for e.g. batch jobs (if none is specified) -->
        <useReplicaId>ONE</useReplicaId>
        <!--  Remove the following setting when the code is updated to 
           use the setting common.replicas.useReplicaId instead of common.useReplicaId  
        -->
        <thisPhysicalLocation>physLocationOne</thisPhysicalLocation>
        <!-- The name of the application, fx. "BitarchiveServerApplication".
             The monitor puts this with each log message -->
        <applicationName>IxxxxSxxxx</applicationName>
        <applicationInstanceId>XXX</applicationInstanceId>
     </common>
     <harvester>
     	<harvesting>
     		<heritrix>
     			<jmxUsername>controlRole</jmxUsername>
     			<jmxPassword>R_D</jmxPassword>
     		</heritrix>
     	</harvesting>
     	</harvester>
</settings>
