<?xml version="1.0" encoding="UTF-8"?>
<!--  
 * File:        $Id$
 * Revision:    $Revision$
 * Author:      $Author$
 * Date:        $Date$
 *
 * The Netarchive Suite - Software to harvest and preserve websites
 * Copyright 2004-2007 Det Kongelige Bibliotek and Statsbiblioteket, Denmark
 *
 * This library is free software; you can redistribute it and/or
 * modify it under the terms of the GNU Lesser General Public
 * License as published by the Free Software Foundation; either
 * version 2.1 of the License, or (at your option) any later version.
 *
 * This library is distributed in the hope that it will be useful,
 * but WITHOUT ANY WARRANTY; without even the implied warranty of
 * MERCHANTABILITY or FITNESS FOR A PARTICULAR PURPOSE.  See the GNU
 * Lesser General Public License for more details.
 *
 * You should have received a copy of the GNU Lesser General Public
 * License along with this library; if not, write to the Free Software
 * Foundation, Inc., 51 Franklin Street, Fifth Floor, Boston, MA  02110-1301  USA
 */
-->
<!-- 
	This file contains the settings needed to run our unittests.
-->
<settings xmlns="http://www.netarkivet.dk/schemas/settings" xmlns:xsi="http://www.w3.org/2001/XMLSchema-instance">
<common>
        <jms>
        <class>dk.netarkivet.common.distribute.JMSConnectionMockupMQ</class>
        </jms> 
	<jmx>
	<!-- to reduce running time of our unittests -->
	<timeout>2</timeout>
	</jmx>
    <remoteFile>
        <class>dk.netarkivet.common.distribute.FTPRemoteFile</class>
        <userName>jms</userName>
        <userPassword>jms*ftp</userPassword>
    </remoteFile>
        <tempDir>./tests/commontempdir</tempDir>
        <replicas>
            <!-- The names of all bit archive locations in the
                 environment, e.g., "KB" and "SB". -->
            <replica>
                <replicaId>SB</replicaId>
                <replicaType>bitarchive</replicaType>
                <replicaName>SBB</replicaName>                
            </replica>
            <replica>
                <replicaId>KB</replicaId>
                <replicaType>bitarchive</replicaType>
                <replicaName>KBB</replicaName>                
            </replica>
            <!-- Default bit archive to use for batch jobs (if none is specified) -->
            <useReplicaId>KB</useReplicaId>
        </replicas>
        <thisPhysicalLocation>SBL</thisPhysicalLocation>
        <!-- The name of the application, fx. "BitarchiveServerApplication".
             The monitor puts this with each log message -->
        <applicationName>NA</applicationName>
    </common>
</settings>
